\BOOKMARK [0][-]{titlepage.0}{Title Page}{}% 1
\BOOKMARK [0][-]{Abstract.0}{Abstract}{}% 2
\BOOKMARK [0][-]{toc.0}{Table of Contents}{}% 3
\BOOKMARK [0][-]{section*.3}{LIST OF TABLES}{}% 4
\BOOKMARK [0][-]{section*.5}{LIST OF FIGURES}{}% 5
\BOOKMARK [0][-]{chapter*.7}{NOMENCLATURE}{}% 6
\BOOKMARK [0][-]{chapter.1}{Chapter 1 \040 Introduction}{}% 7
\BOOKMARK [1][-]{section.1.1}{1.1 First Section}{chapter.1}% 8
\BOOKMARK [2][-]{subsection.1.1.1}{1.1.1 First Subsection}{section.1.1}% 9
\BOOKMARK [2][-]{subsection.1.1.2}{1.1.2 Second Subsection}{section.1.1}% 10
\BOOKMARK [1][-]{section.1.2}{1.2 Citation Example}{chapter.1}% 11
\BOOKMARK [1][-]{section.1.3}{1.3 Fixed Width Figure Example}{chapter.1}% 12
\BOOKMARK [1][-]{section.1.4}{1.4 Math and Equation Example, Where the Heading Is Made so Long That It Extends onto a Second Line}{chapter.1}% 13
\BOOKMARK [0][-]{chapter.2}{Chapter 2 \040 Making Tables}{}% 14
\BOOKMARK [1][-]{section.2.1}{2.1 Making a Table}{chapter.2}% 15
\BOOKMARK [0][-]{appendix.A}{Appendix A \040 Making a Figure with Width Based on Page Size}{}% 16
\BOOKMARK [1][-]{section.A.1}{A.1 Width Based on Page Size Figure Example}{appendix.A}% 17
\BOOKMARK [0][-]{appendix.B}{Appendix B \040 Formatting Guidelines for Thesis}{}% 18
\BOOKMARK [1][-]{section.B.1}{B.1 Font}{appendix.B}% 19
\BOOKMARK [1][-]{section.B.2}{B.2 Margins}{appendix.B}% 20
\BOOKMARK [1][-]{section.B.3}{B.3 Printing}{appendix.B}% 21
\BOOKMARK [1][-]{section.B.4}{B.4 Page Numbering}{appendix.B}% 22
\BOOKMARK [1][-]{section.B.5}{B.5 Spacing}{appendix.B}% 23
\BOOKMARK [1][-]{section.B.6}{B.6 Figures}{appendix.B}% 24
\BOOKMARK [1][-]{section.B.7}{B.7 Tables}{appendix.B}% 25
